ARM GAS  C:\Users\Daniel\AppData\Local\Temp\ccoouxJQ.s 			page 1


   1              		.cpu cortex-m4
   2              		.arch armv7e-m
   3              		.fpu fpv4-sp-d16
   4              		.eabi_attribute 27, 1
   5              		.eabi_attribute 28, 1
   6              		.eabi_attribute 20, 1
   7              		.eabi_attribute 21, 1
   8              		.eabi_attribute 23, 3
   9              		.eabi_attribute 24, 1
  10              		.eabi_attribute 25, 1
  11              		.eabi_attribute 26, 1
  12              		.eabi_attribute 30, 1
  13              		.eabi_attribute 34, 1
  14              		.eabi_attribute 18, 4
  15              		.file	"ring_buffer.c"
  16              		.text
  17              	.Ltext0:
  18              		.cfi_sections	.debug_frame
  19              		.section	.text.RB_Read,"ax",%progbits
  20              		.align	1
  21              		.global	RB_Read
  22              		.syntax unified
  23              		.thumb
  24              		.thumb_func
  26              	RB_Read:
  27              	.LVL0:
  28              	.LFB130:
  29              		.file 1 "Core/Src/ring_buffer.c"
   1:Core/Src/ring_buffer.c **** /*
   2:Core/Src/ring_buffer.c ****  * ringbuffer.c
   3:Core/Src/ring_buffer.c ****  *
   4:Core/Src/ring_buffer.c ****  *  Created on: 18 lis 2022
   5:Core/Src/ring_buffer.c ****  *      Author: gerwant22
   6:Core/Src/ring_buffer.c ****  */
   7:Core/Src/ring_buffer.c **** #include "main.h"
   8:Core/Src/ring_buffer.c **** #include "ring_buffer.h"
   9:Core/Src/ring_buffer.c **** 
  10:Core/Src/ring_buffer.c **** RB_Status RB_Read(RingBuffer_t *Buf, uint8_t *Value)
  11:Core/Src/ring_buffer.c **** {
  30              		.loc 1 11 1 view -0
  31              		.cfi_startproc
  32              		@ args = 0, pretend = 0, frame = 0
  33              		@ frame_needed = 0, uses_anonymous_args = 0
  34              		@ link register save eliminated.
  12:Core/Src/ring_buffer.c ****     // Checking to head do not hit tail
  13:Core/Src/ring_buffer.c ****     if (Buf->Head == Buf->Tail)
  35              		.loc 1 13 5 view .LVU1
  36              		.loc 1 13 12 is_stmt 0 view .LVU2
  37 0000 0288     		ldrh	r2, [r0]
  38              		.loc 1 13 25 view .LVU3
  39 0002 4388     		ldrh	r3, [r0, #2]
  40              		.loc 1 13 8 view .LVU4
  41 0004 9A42     		cmp	r2, r3
  42 0006 0ED0     		beq	.L3
  14:Core/Src/ring_buffer.c ****     {
  15:Core/Src/ring_buffer.c ****         return RB_ERROR;
  16:Core/Src/ring_buffer.c ****     }
ARM GAS  C:\Users\Daniel\AppData\Local\Temp\ccoouxJQ.s 			page 2


  17:Core/Src/ring_buffer.c ****     //
  18:Core/Src/ring_buffer.c ****     *Value = (Buf->Buffer[Buf->Tail]);
  43              		.loc 1 18 5 is_stmt 1 view .LVU5
  44              		.loc 1 18 26 is_stmt 0 view .LVU6
  45 0008 0344     		add	r3, r3, r0
  46 000a 1B79     		ldrb	r3, [r3, #4]	@ zero_extendqisi2
  47              		.loc 1 18 12 view .LVU7
  48 000c 0B70     		strb	r3, [r1]
  19:Core/Src/ring_buffer.c ****     Buf->Tail = ((Buf->Tail + 1) % RING_BUFFER_SIZE);
  49              		.loc 1 19 5 is_stmt 1 view .LVU8
  50              		.loc 1 19 22 is_stmt 0 view .LVU9
  51 000e 4388     		ldrh	r3, [r0, #2]
  52              		.loc 1 19 29 view .LVU10
  53 0010 0133     		adds	r3, r3, #1
  54              		.loc 1 19 34 view .LVU11
  55 0012 5A42     		rsbs	r2, r3, #0
  56 0014 03F00703 		and	r3, r3, #7
  57 0018 02F00702 		and	r2, r2, #7
  58 001c 58BF     		it	pl
  59 001e 5342     		rsbpl	r3, r2, #0
  60              		.loc 1 19 15 view .LVU12
  61 0020 4380     		strh	r3, [r0, #2]	@ movhi
  20:Core/Src/ring_buffer.c **** 
  21:Core/Src/ring_buffer.c ****     return RB_OK;
  62              		.loc 1 21 5 is_stmt 1 view .LVU13
  63              		.loc 1 21 12 is_stmt 0 view .LVU14
  64 0022 0020     		movs	r0, #0
  65              	.LVL1:
  66              		.loc 1 21 12 view .LVU15
  67 0024 7047     		bx	lr
  68              	.LVL2:
  69              	.L3:
  15:Core/Src/ring_buffer.c ****     }
  70              		.loc 1 15 16 view .LVU16
  71 0026 0120     		movs	r0, #1
  72              	.LVL3:
  22:Core/Src/ring_buffer.c **** }
  73              		.loc 1 22 1 view .LVU17
  74 0028 7047     		bx	lr
  75              		.cfi_endproc
  76              	.LFE130:
  78              		.section	.text.RB_Write,"ax",%progbits
  79              		.align	1
  80              		.global	RB_Write
  81              		.syntax unified
  82              		.thumb
  83              		.thumb_func
  85              	RB_Write:
  86              	.LVL4:
  87              	.LFB131:
  23:Core/Src/ring_buffer.c **** 
  24:Core/Src/ring_buffer.c **** RB_Status RB_Write(RingBuffer_t *Buf, uint8_t Value)
  25:Core/Src/ring_buffer.c **** {
  88              		.loc 1 25 1 is_stmt 1 view -0
  89              		.cfi_startproc
  90              		@ args = 0, pretend = 0, frame = 0
  91              		@ frame_needed = 0, uses_anonymous_args = 0
ARM GAS  C:\Users\Daniel\AppData\Local\Temp\ccoouxJQ.s 			page 3


  92              		@ link register save eliminated.
  26:Core/Src/ring_buffer.c ****     uint8_t HeadTmp = ((Buf->Head + 1) % RING_BUFFER_SIZE);
  93              		.loc 1 26 5 view .LVU19
  94              		.loc 1 26 28 is_stmt 0 view .LVU20
  95 0000 0288     		ldrh	r2, [r0]
  96              		.loc 1 26 35 view .LVU21
  97 0002 531C     		adds	r3, r2, #1
  98              		.loc 1 26 40 view .LVU22
  99 0004 D3F1000C 		rsbs	ip, r3, #0
 100 0008 03F00703 		and	r3, r3, #7
 101 000c 0CF0070C 		and	ip, ip, #7
 102 0010 58BF     		it	pl
 103 0012 CCF10003 		rsbpl	r3, ip, #0
 104              	.LVL5:
  27:Core/Src/ring_buffer.c **** 
  28:Core/Src/ring_buffer.c ****     if (HeadTmp == Buf->Tail)
 105              		.loc 1 28 5 is_stmt 1 view .LVU23
 106              		.loc 1 28 17 is_stmt 0 view .LVU24
 107 0016 DBB2     		uxtb	r3, r3
 108              		.loc 1 28 23 view .LVU25
 109 0018 B0F802C0 		ldrh	ip, [r0, #2]
 110              		.loc 1 28 8 view .LVU26
 111 001c 6345     		cmp	r3, ip
 112 001e 04D0     		beq	.L6
  29:Core/Src/ring_buffer.c ****     {
  30:Core/Src/ring_buffer.c ****         return RB_ERROR;
  31:Core/Src/ring_buffer.c ****     }
  32:Core/Src/ring_buffer.c **** 
  33:Core/Src/ring_buffer.c ****     Buf->Buffer[Buf->Head] = Value;
 113              		.loc 1 33 5 is_stmt 1 view .LVU27
 114              		.loc 1 33 28 is_stmt 0 view .LVU28
 115 0020 0244     		add	r2, r2, r0
 116 0022 1171     		strb	r1, [r2, #4]
  34:Core/Src/ring_buffer.c ****     Buf->Head = HeadTmp;
 117              		.loc 1 34 5 is_stmt 1 view .LVU29
 118              		.loc 1 34 15 is_stmt 0 view .LVU30
 119 0024 0380     		strh	r3, [r0]	@ movhi
  35:Core/Src/ring_buffer.c **** 
  36:Core/Src/ring_buffer.c ****     return RB_OK;
 120              		.loc 1 36 5 is_stmt 1 view .LVU31
 121              		.loc 1 36 12 is_stmt 0 view .LVU32
 122 0026 0020     		movs	r0, #0
 123              	.LVL6:
 124              		.loc 1 36 12 view .LVU33
 125 0028 7047     		bx	lr
 126              	.LVL7:
 127              	.L6:
  30:Core/Src/ring_buffer.c ****     }
 128              		.loc 1 30 16 view .LVU34
 129 002a 0120     		movs	r0, #1
 130              	.LVL8:
  37:Core/Src/ring_buffer.c **** }
 131              		.loc 1 37 1 view .LVU35
 132 002c 7047     		bx	lr
 133              		.cfi_endproc
 134              	.LFE131:
 136              		.section	.text.RB_Flush,"ax",%progbits
ARM GAS  C:\Users\Daniel\AppData\Local\Temp\ccoouxJQ.s 			page 4


 137              		.align	1
 138              		.global	RB_Flush
 139              		.syntax unified
 140              		.thumb
 141              		.thumb_func
 143              	RB_Flush:
 144              	.LVL9:
 145              	.LFB132:
  38:Core/Src/ring_buffer.c **** 
  39:Core/Src/ring_buffer.c **** void RB_Flush(RingBuffer_t *Buf)
  40:Core/Src/ring_buffer.c **** {
 146              		.loc 1 40 1 is_stmt 1 view -0
 147              		.cfi_startproc
 148              		@ args = 0, pretend = 0, frame = 0
 149              		@ frame_needed = 0, uses_anonymous_args = 0
 150              		@ link register save eliminated.
  41:Core/Src/ring_buffer.c ****     Buf->Head = 0;
 151              		.loc 1 41 5 view .LVU37
 152              		.loc 1 41 15 is_stmt 0 view .LVU38
 153 0000 0023     		movs	r3, #0
 154 0002 0380     		strh	r3, [r0]	@ movhi
  42:Core/Src/ring_buffer.c ****     Buf->Tail = 0;
 155              		.loc 1 42 5 is_stmt 1 view .LVU39
 156              		.loc 1 42 15 is_stmt 0 view .LVU40
 157 0004 4380     		strh	r3, [r0, #2]	@ movhi
  43:Core/Src/ring_buffer.c **** }
 158              		.loc 1 43 1 view .LVU41
 159 0006 7047     		bx	lr
 160              		.cfi_endproc
 161              	.LFE132:
 163              		.text
 164              	.Letext0:
 165              		.file 2 "c:\\users\\daniel\\appdata\\roaming\\code\\user\\globalstorage\\bmd.stm32-for-vscode\\@xp
 166              		.file 3 "c:\\users\\daniel\\appdata\\roaming\\code\\user\\globalstorage\\bmd.stm32-for-vscode\\@xp
 167              		.file 4 "Core/Inc/ring_buffer.h"
ARM GAS  C:\Users\Daniel\AppData\Local\Temp\ccoouxJQ.s 			page 5


DEFINED SYMBOLS
                            *ABS*:0000000000000000 ring_buffer.c
C:\Users\Daniel\AppData\Local\Temp\ccoouxJQ.s:20     .text.RB_Read:0000000000000000 $t
C:\Users\Daniel\AppData\Local\Temp\ccoouxJQ.s:26     .text.RB_Read:0000000000000000 RB_Read
C:\Users\Daniel\AppData\Local\Temp\ccoouxJQ.s:79     .text.RB_Write:0000000000000000 $t
C:\Users\Daniel\AppData\Local\Temp\ccoouxJQ.s:85     .text.RB_Write:0000000000000000 RB_Write
C:\Users\Daniel\AppData\Local\Temp\ccoouxJQ.s:137    .text.RB_Flush:0000000000000000 $t
C:\Users\Daniel\AppData\Local\Temp\ccoouxJQ.s:143    .text.RB_Flush:0000000000000000 RB_Flush

NO UNDEFINED SYMBOLS
